Content-Type: text/plain; charset="utf-8"
MIME-Version: 1.0
Content-Transfer-Encoding: 7bit
Subject: Order nr. 2
From: grupo305ams@hotmail.com
To: masilva1998@hotmail.com
Date: Sat, 01 Dec 2018 22:30:20 -0000
Message-ID: <154370342098.23738.5525743424492459498@MSilva>

Dear Marco,

You have successfully placed an order. Your order id is 2.
-------------------------------------------------------------------------------
Content-Type: text/plain; charset="utf-8"
MIME-Version: 1.0
Content-Transfer-Encoding: 7bit
Subject: Order nr. 3
From: grupo305ams@hotmail.com
To: masilva1998@hotmail.com
Date: Sat, 01 Dec 2018 22:30:20 -0000
Message-ID: <154370342098.23739.15765659330919073685@MSilva>

Dear Marco,

You have successfully placed an order. Your order id is 3.
-------------------------------------------------------------------------------
Content-Type: text/plain; charset="utf-8"
MIME-Version: 1.0
Content-Transfer-Encoding: 7bit
Subject: Order nr. 1
From: grupo305ams@hotmail.com
To: masilva1998@hotmail.com
Date: Sat, 01 Dec 2018 22:30:20 -0000
Message-ID: <154370342098.23745.13052874585282702897@MSilva>

Dear Marco,

You have successfully placed an order. Your order id is 1.
-------------------------------------------------------------------------------
